<?xml version="1.0" encoding="UTF-8"?>
<!-- Generated by org.testng.reporters.JUnitReportReporter -->
<testsuite hostname="LAPTOP-0OVGS259" failures="0" tests="2" name="gmailtesting.SetResolutionTest" time="23.790" errors="0" timestamp="2022-07-23T15:33:59 IST" skipped="0">
  <testcase classname="gmailtesting.SetResolutionTest" name="setFullscreen" time="11.895"/>
  <system-out/>
  <testcase classname="gmailtesting.SetResolutionTest" name="setResolution" time="11.895"/>
  <system-out/>
</testsuite> <!-- gmailtesting.SetResolutionTest -->
