<?xml version="1.0" encoding="UTF-8"?>
<!-- Generated by org.testng.reporters.JUnitReportReporter -->
<testsuite hostname="LAPTOP-0OVGS259" failures="0" tests="1" name="gmailtesting.UserInputFromConfigFile" time="7.308" errors="0" timestamp="2022-07-23T15:45:15 IST" skipped="0">
  <testcase classname="gmailtesting.UserInputFromConfigFile" name="inputFromConfigTest" time="7.308"/>
  <system-out/>
</testsuite> <!-- gmailtesting.UserInputFromConfigFile -->
