<?xml version="1.0" encoding="UTF-8"?>
<!-- Generated by org.testng.reporters.JUnitReportReporter -->
<testsuite hostname="LAPTOP-0OVGS259" failures="0" tests="1" name="gmailtesting.Test1" time="3.960" errors="0" timestamp="2022-07-23T11:19:58 IST" skipped="0">
  <testcase classname="gmailtesting.Test1" name="getTitle" time="3.960"/>
  <system-out/>
</testsuite> <!-- gmailtesting.Test1 -->
