<?xml version="1.0" encoding="UTF-8"?>
<!-- Generated by org.testng.reporters.JUnitReportReporter -->
<testsuite hostname="LAPTOP-0OVGS259" failures="0" tests="1" name="gmailtesting.checkCredentialTest" time="5.934" errors="0" timestamp="2022-07-23T11:50:27 IST" skipped="0">
  <testcase classname="gmailtesting.checkCredentialTest" name="checkCredentialInvalid" time="5.934"/>
  <system-out/>
</testsuite> <!-- gmailtesting.checkCredentialTest -->
